southStreetSchool/build/outputs/logs/manifest-merger-debug-report.txt
-- Merging decision tree log ---
manifest
ADDED from src\main\AndroidManifest.xml:2:1-91:12
INJECTED from src\main\AndroidManifest.xml:2:1-91:12
INJECTED from src\main\AndroidManifest.xml:2:1-91:12
INJECTED from src\main\AndroidManifest.xml:2:1-91:12
MERGED from [com.jakewharton:butterknife:8.8.1] AndroidManifest.xml:2:1-7:12
MERGED from [com.android.support:design:28.0.0] AndroidManifest.xml:17:1-24:12
MERGED from [com.android.support:appcompat-v7:28.0.0] AndroidManifest.xml:17:1-22:12
MERGED from [com.facebook.android:facebook-android-sdk:4.4.0] AndroidManifest.xml:21:1-30:12
MERGED from [com.google.firebase:firebase-messaging:17.3.4] AndroidManifest.xml:17:1-37:12
MERGED from [com.google.firebase:firebase-core:16.0.8] AndroidManifest.xml:2:1-9:12
MERGED from [com.google.firebase:firebase-analytics:16.4.0] AndroidManifest.xml:2:1-9:12
MERGED from [com.google.android.gms:play-services-measurement-api:16.4.0] AndroidManifest.xml:17:1-36:12
MERGED from [com.google.firebase:firebase-iid:17.0.4] AndroidManifest.xml:17:1-59:12
MERGED from [com.google.firebase:firebase-iid-interop:16.0.1] AndroidManifest.xml:2:1-10:12
MERGED from [com.google.android.gms:play-services-base:16.1.0] AndroidManifest.xml:17:1-29:12
MERGED from [com.google.firebase:firebase-common:16.0.3] AndroidManifest.xml:2:1-17:12
MERGED from [com.google.android.gms:play-services-tasks:16.0.1] AndroidManifest.xml:2:1-9:12
MERGED from [com.google.firebase:firebase-measurement-connector:17.0.1] AndroidManifest.xml:17:1-25:12
MERGED from [com.google.android.gms:play-services-measurement:16.4.0] AndroidManifest.xml:17:1-55:12
MERGED from [com.google.android.gms:play-services-measurement-sdk:16.4.0] AndroidManifest.xml:17:1-25:12
MERGED from [com.google.android.gms:play-services-measurement-impl:16.4.0] AndroidManifest.xml:17:1-40:12
MERGED from [com.google.android.gms:play-services-stats:16.0.1] AndroidManifest.xml:2:1-9:12
MERGED from [com.google.android.gms:play-services-measurement-sdk-api:16.4.0] AndroidManifest.xml:17:1-30:12
MERGED from [com.google.android.gms:play-services-measurement-base:16.4.0] AndroidManifest.xml:2:1-9:12
MERGED from [com.google.android.gms:play-services-ads-identifier:16.0.0] AndroidManifest.xml:17:1-24:12
MERGED from [com.google.android.gms:play-services-basement:16.2.0] AndroidManifest.xml:17:1-28:12
MERGED from [com.android.support:support-v4:28.0.0] AndroidManifest.xml:17:1-22:12
MERGED from [com.android.support:recyclerview-v7:28.0.0] AndroidManifest.xml:17:1-22:12
MERGED from [com.github.only2433:LittlefoxLogMoniter:1.0.4] AndroidManifest.xml:2:1-22:12
MERGED from [com.github.only2433:LittlefoxSystemLibrary:1.0.9] AndroidManifest.xml:2:1-11:12
MERGED from [com.github.only2433:LittlefoxViewLibrary:1.0.14] AndroidManifest.xml:2:1-20:12
MERGED from [com.github.only2433:StorybookTempleteLibrary:1.0.17] AndroidManifest.xml:2:1-22:12
MERGED from [com.ssomai:android.scalablelayout:2.1.1] AndroidManifest.xml:2:1-13:12
MERGED from [com.github.bumptech.glide:glide:4.8.0] AndroidManifest.xml:2:1-12:12
MERGED from [com.android.support:support-fragment:28.0.0] AndroidManifest.xml:17:1-22:12
MERGED from [com.android.support:animated-vector-drawable:28.0.0] AndroidManifest.xml:17:1-22:12
MERGED from [com.android.support:support-core-ui:28.0.0] AndroidManifest.xml:17:1-22:12
MERGED from [com.android.support:support-core-utils:28.0.0] AndroidManifest.xml:17:1-22:12
MERGED from [com.android.support:support-vector-drawable:28.0.0] AndroidManifest.xml:17:1-22:12
MERGED from [com.android.support:support-media-compat:28.0.0] AndroidManifest.xml:17:1-22:12
MERGED from [com.android.support:transition:28.0.0] AndroidManifest.xml:17:1-22:12
MERGED from [com.android.support:loader:28.0.0] AndroidManifest.xml:17:1-22:12
MERGED from [com.android.support:viewpager:28.0.0] AndroidManifest.xml:17:1-22:12
MERGED from [com.android.support:coordinatorlayout:28.0.0] AndroidManifest.xml:17:1-22:12
MERGED from [com.android.support:drawerlayout:28.0.0] AndroidManifest.xml:17:1-22:12
MERGED from [com.android.support:slidingpanelayout:28.0.0] AndroidManifest.xml:17:1-22:12
MERGED from [com.android.support:customview:28.0.0] AndroidManifest.xml:17:1-22:12
MERGED from [com.android.support:swiperefreshlayout:28.0.0] AndroidManifest.xml:17:1-22:12
MERGED from [com.android.support:asynclayoutinflater:28.0.0] AndroidManifest.xml:17:1-22:12
MERGED from [com.android.support:support-compat:28.0.0] AndroidManifest.xml:17:1-24:12
MERGED from [com.android.support:versionedparcelable:28.0.0] AndroidManifest.xml:17:1-25:12
MERGED from [com.android.support:cursoradapter:28.0.0] AndroidManifest.xml:17:1-22:12
MERGED from [com.android.support:cardview-v7:28.0.0] AndroidManifest.xml:17:1-22:12
MERGED from [com.github.bumptech.glide:gifdecoder:4.8.0] AndroidManifest.xml:2:1-11:12
MERGED from [android.arch.lifecycle:runtime:1.1.1] AndroidManifest.xml:17:1-22:12
MERGED from [com.android.support:documentfile:28.0.0] AndroidManifest.xml:17:1-22:12
MERGED from [com.android.support:localbroadcastmanager:28.0.0] AndroidManifest.xml:17:1-22:12
MERGED from [com.android.support:print:28.0.0] AndroidManifest.xml:17:1-22:12
MERGED from [android.arch.lifecycle:viewmodel:1.1.1] AndroidManifest.xml:17:1-22:12
MERGED from [com.android.support:interpolator:28.0.0] AndroidManifest.xml:17:1-22:12
MERGED from [android.arch.lifecycle:livedata:1.1.1] AndroidManifest.xml:17:1-22:12
MERGED from [android.arch.lifecycle:livedata-core:1.1.1] AndroidManifest.xml:17:1-22:12
MERGED from [android.arch.core:runtime:1.1.1] AndroidManifest.xml:17:1-22:12
INJECTED from src\main\AndroidManifest.xml:2:1-91:12
INJECTED from src\main\AndroidManifest.xml:2:1-91:12
INJECTED from src\main\AndroidManifest.xml:2:1-91:12
	package
		ADDED from src\main\AndroidManifest.xml:3:5-56
		INJECTED from src\main\AndroidManifest.xml
		INJECTED from src\main\AndroidManifest.xml
	android:versionName
		INJECTED from src\main\AndroidManifest.xml
		ADDED from src\main\AndroidManifest.xml:2:1-91:12
		INJECTED from src\main\AndroidManifest.xml
	android:versionCode
		INJECTED from src\main\AndroidManifest.xml
		ADDED from src\main\AndroidManifest.xml:2:1-91:12
		INJECTED from src\main\AndroidManifest.xml
	xmlns:android
		ADDED from src\main\AndroidManifest.xml:2:11-69
uses-permission#android.permission.VIBRATE
ADDED from src\main\AndroidManifest.xml:5:5-66
	android:name
		ADDED from src\main\AndroidManifest.xml:5:22-63
uses-permission#android.permission.READ_EXTERNAL_STORAGE
ADDED from src\main\AndroidManifest.xml:6:5-80
MERGED from [com.github.only2433:StorybookTempleteLibrary:1.0.17] AndroidManifest.xml:14:5-80
MERGED from [com.github.only2433:StorybookTempleteLibrary:1.0.17] AndroidManifest.xml:14:5-80
	android:name
		ADDED from src\main\AndroidManifest.xml:6:22-77
uses-permission#android.permission.WRITE_EXTERNAL_STORAGE
ADDED from src\main\AndroidManifest.xml:7:5-81
MERGED from [com.github.only2433:StorybookTempleteLibrary:1.0.17] AndroidManifest.xml:16:5-81
MERGED from [com.github.only2433:StorybookTempleteLibrary:1.0.17] AndroidManifest.xml:16:5-81
	android:name
		ADDED from src\main\AndroidManifest.xml:7:22-78
uses-permission#com.android.vending.BILLING
ADDED from src\main\AndroidManifest.xml:10:5-67
	android:name
		ADDED from src\main\AndroidManifest.xml:10:22-64
uses-permission#android.permission.INTERNET
ADDED from src\main\AndroidManifest.xml:14:5-67
MERGED from [com.google.android.gms:play-services-measurement-api:16.4.0] AndroidManifest.xml:22:5-67
MERGED from [com.google.android.gms:play-services-measurement-api:16.4.0] AndroidManifest.xml:22:5-67
MERGED from [com.google.firebase:firebase-iid:17.0.4] AndroidManifest.xml:23:5-67
MERGED from [com.google.firebase:firebase-iid:17.0.4] AndroidManifest.xml:23:5-67
MERGED from [com.google.android.gms:play-services-measurement:16.4.0] AndroidManifest.xml:23:5-67
MERGED from [com.google.android.gms:play-services-measurement:16.4.0] AndroidManifest.xml:23:5-67
MERGED from [com.google.android.gms:play-services-measurement-impl:16.4.0] AndroidManifest.xml:23:5-67
MERGED from [com.google.android.gms:play-services-measurement-impl:16.4.0] AndroidManifest.xml:23:5-67
MERGED from [com.google.android.gms:play-services-measurement-sdk-api:16.4.0] AndroidManifest.xml:23:5-67
MERGED from [com.google.android.gms:play-services-measurement-sdk-api:16.4.0] AndroidManifest.xml:23:5-67
MERGED from [com.github.only2433:StorybookTempleteLibrary:1.0.17] AndroidManifest.xml:13:5-67
MERGED from [com.github.only2433:StorybookTempleteLibrary:1.0.17] AndroidManifest.xml:13:5-67
	android:name
		ADDED from src\main\AndroidManifest.xml:14:22-64
uses-permission#android.permission.WAKE_LOCK
ADDED from src\main\AndroidManifest.xml:18:5-68
MERGED from [com.google.android.gms:play-services-measurement-api:16.4.0] AndroidManifest.xml:24:5-68
MERGED from [com.google.android.gms:play-services-measurement-api:16.4.0] AndroidManifest.xml:24:5-68
MERGED from [com.google.firebase:firebase-iid:17.0.4] AndroidManifest.xml:24:5-68
MERGED from [com.google.firebase:firebase-iid:17.0.4] AndroidManifest.xml:24:5-68
MERGED from [com.google.android.gms:play-services-measurement:16.4.0] AndroidManifest.xml:25:5-68
MERGED from [com.google.android.gms:play-services-measurement:16.4.0] AndroidManifest.xml:25:5-68
MERGED from [com.google.android.gms:play-services-measurement-impl:16.4.0] AndroidManifest.xml:25:5-68
MERGED from [com.google.android.gms:play-services-measurement-impl:16.4.0] AndroidManifest.xml:25:5-68
MERGED from [com.google.android.gms:play-services-measurement-sdk-api:16.4.0] AndroidManifest.xml:25:5-68
MERGED from [com.google.android.gms:play-services-measurement-sdk-api:16.4.0] AndroidManifest.xml:25:5-68
MERGED from [com.github.only2433:StorybookTempleteLibrary:1.0.17] AndroidManifest.xml:15:5-68
MERGED from [com.github.only2433:StorybookTempleteLibrary:1.0.17] AndroidManifest.xml:15:5-68
	android:name
		ADDED from src\main\AndroidManifest.xml:18:22-65
uses-permission#android.permission.MODIFY_AUDIO_SETTINGS
ADDED from src\main\AndroidManifest.xml:20:5-80
	android:name
		ADDED from src\main\AndroidManifest.xml:20:22-77
uses-permission#android.permission.CHANGE_WIFI_STATE
ADDED from src\main\AndroidManifest.xml:21:5-76
	android:name
		ADDED from src\main\AndroidManifest.xml:21:22-73
uses-permission#android.permission.ACCESS_WIFI_STATE
ADDED from src\main\AndroidManifest.xml:22:5-76
MERGED from [com.github.only2433:StorybookTempleteLibrary:1.0.17] AndroidManifest.xml:12:5-76
MERGED from [com.github.only2433:StorybookTempleteLibrary:1.0.17] AndroidManifest.xml:12:5-76
	android:name
		ADDED from src\main\AndroidManifest.xml:22:22-73
uses-permission#android.permission.GET_TASKS
ADDED from src\main\AndroidManifest.xml:23:5-68
	android:name
		ADDED from src\main\AndroidManifest.xml:23:22-65
uses-permission#android.permission.ACCESS_NETWORK_STATE
ADDED from src\main\AndroidManifest.xml:24:5-79
MERGED from [com.google.android.gms:play-services-measurement-api:16.4.0] AndroidManifest.xml:23:5-79
MERGED from [com.google.android.gms:play-services-measurement-api:16.4.0] AndroidManifest.xml:23:5-79
MERGED from [com.google.firebase:firebase-iid:17.0.4] AndroidManifest.xml:22:5-79
MERGED from [com.google.firebase:firebase-iid:17.0.4] AndroidManifest.xml:22:5-79
MERGED from [com.google.android.gms:play-services-measurement:16.4.0] AndroidManifest.xml:24:5-79
MERGED from [com.google.android.gms:play-services-measurement:16.4.0] AndroidManifest.xml:24:5-79
MERGED from [com.google.android.gms:play-services-measurement-impl:16.4.0] AndroidManifest.xml:24:5-79
MERGED from [com.google.android.gms:play-services-measurement-impl:16.4.0] AndroidManifest.xml:24:5-79
MERGED from [com.google.android.gms:play-services-measurement-sdk-api:16.4.0] AndroidManifest.xml:24:5-79
MERGED from [com.google.android.gms:play-services-measurement-sdk-api:16.4.0] AndroidManifest.xml:24:5-79
MERGED from [com.github.only2433:StorybookTempleteLibrary:1.0.17] AndroidManifest.xml:11:5-79
MERGED from [com.github.only2433:StorybookTempleteLibrary:1.0.17] AndroidManifest.xml:11:5-79
	android:name
		ADDED from src\main\AndroidManifest.xml:24:22-76
application
ADDED from src\main\AndroidManifest.xml:26:5-89:19
MERGED from [com.android.support:design:28.0.0] AndroidManifest.xml:22:5-20
MERGED from [com.android.support:design:28.0.0] AndroidManifest.xml:22:5-20
MERGED from [com.facebook.android:facebook-android-sdk:4.4.0] AndroidManifest.xml:28:5-20
MERGED from [com.facebook.android:facebook-android-sdk:4.4.0] AndroidManifest.xml:28:5-20
MERGED from [com.google.firebase:firebase-messaging:17.3.4] AndroidManifest.xml:22:5-35:19
MERGED from [com.google.firebase:firebase-messaging:17.3.4] AndroidManifest.xml:22:5-35:19
MERGED from [com.google.firebase:firebase-core:16.0.8] AndroidManifest.xml:7:5-20
MERGED from [com.google.firebase:firebase-core:16.0.8] AndroidManifest.xml:7:5-20
MERGED from [com.google.firebase:firebase-analytics:16.4.0] AndroidManifest.xml:7:5-20
MERGED from [com.google.firebase:firebase-analytics:16.4.0] AndroidManifest.xml:7:5-20
MERGED from [com.google.android.gms:play-services-measurement-api:16.4.0] AndroidManifest.xml:26:5-34:19
MERGED from [com.google.android.gms:play-services-measurement-api:16.4.0] AndroidManifest.xml:26:5-34:19
MERGED from [com.google.firebase:firebase-iid:17.0.4] AndroidManifest.xml:28:5-57:19
MERGED from [com.google.firebase:firebase-iid:17.0.4] AndroidManifest.xml:28:5-57:19
MERGED from [com.google.firebase:firebase-iid-interop:16.0.1] AndroidManifest.xml:7:5-8:19
MERGED from [com.google.firebase:firebase-iid-interop:16.0.1] AndroidManifest.xml:7:5-8:19
MERGED from [com.google.android.gms:play-services-base:16.1.0] AndroidManifest.xml:22:5-27:19
MERGED from [com.google.android.gms:play-services-base:16.1.0] AndroidManifest.xml:22:5-27:19
MERGED from [com.google.firebase:firebase-common:16.0.3] AndroidManifest.xml:9:5-15:19
MERGED from [com.google.firebase:firebase-common:16.0.3] AndroidManifest.xml:9:5-15:19
MERGED from [com.google.android.gms:play-services-tasks:16.0.1] AndroidManifest.xml:7:5-20
MERGED from [com.google.android.gms:play-services-tasks:16.0.1] AndroidManifest.xml:7:5-20
MERGED from [com.google.firebase:firebase-measurement-connector:17.0.1] AndroidManifest.xml:22:5-23:19
MERGED from [com.google.firebase:firebase-measurement-connector:17.0.1] AndroidManifest.xml:22:5-23:19
MERGED from [com.google.android.gms:play-services-measurement:16.4.0] AndroidManifest.xml:28:5-53:19
MERGED from [com.google.android.gms:play-services-measurement:16.4.0] AndroidManifest.xml:28:5-53:19
MERGED from [com.google.android.gms:play-services-measurement-sdk:16.4.0] AndroidManifest.xml:22:5-23:19
MERGED from [com.google.android.gms:play-services-measurement-sdk:16.4.0] AndroidManifest.xml:22:5-23:19
MERGED from [com.google.android.gms:play-services-measurement-impl:16.4.0] AndroidManifest.xml:28:5-38:19
MERGED from [com.google.android.gms:play-services-measurement-impl:16.4.0] AndroidManifest.xml:28:5-38:19
MERGED from [com.google.android.gms:play-services-stats:16.0.1] AndroidManifest.xml:7:5-20
MERGED from [com.google.android.gms:play-services-stats:16.0.1] AndroidManifest.xml:7:5-20
MERGED from [com.google.android.gms:play-services-measurement-sdk-api:16.4.0] AndroidManifest.xml:27:5-28:19
MERGED from [com.google.android.gms:play-services-measurement-sdk-api:16.4.0] AndroidManifest.xml:27:5-28:19
MERGED from [com.google.android.gms:play-services-measurement-base:16.4.0] AndroidManifest.xml:7:5-20
MERGED from [com.google.android.gms:play-services-measurement-base:16.4.0] AndroidManifest.xml:7:5-20
MERGED from [com.google.android.gms:play-services-ads-identifier:16.0.0] AndroidManifest.xml:22:5-20
MERGED from [com.google.android.gms:play-services-ads-identifier:16.0.0] AndroidManifest.xml:22:5-20
MERGED from [com.google.android.gms:play-services-basement:16.2.0] AndroidManifest.xml:22:5-26:19
MERGED from [com.google.android.gms:play-services-basement:16.2.0] AndroidManifest.xml:22:5-26:19
MERGED from [com.github.only2433:LittlefoxLogMoniter:1.0.4] AndroidManifest.xml:13:5-20:19
MERGED from [com.github.only2433:LittlefoxLogMoniter:1.0.4] AndroidManifest.xml:13:5-20:19
MERGED from [com.github.only2433:LittlefoxViewLibrary:1.0.14] AndroidManifest.xml:11:5-18:19
MERGED from [com.github.only2433:LittlefoxViewLibrary:1.0.14] AndroidManifest.xml:11:5-18:19
MERGED from [com.ssomai:android.scalablelayout:2.1.1] AndroidManifest.xml:11:5-47
MERGED from [com.ssomai:android.scalablelayout:2.1.1] AndroidManifest.xml:11:5-47
MERGED from [com.github.bumptech.glide:glide:4.8.0] AndroidManifest.xml:10:5-20
MERGED from [com.github.bumptech.glide:glide:4.8.0] AndroidManifest.xml:10:5-20
MERGED from [com.android.support:support-compat:28.0.0] AndroidManifest.xml:22:5-94
MERGED from [com.android.support:support-compat:28.0.0] AndroidManifest.xml:22:5-94
MERGED from [com.android.support:versionedparcelable:28.0.0] AndroidManifest.xml:22:5-23:19
MERGED from [com.android.support:versionedparcelable:28.0.0] AndroidManifest.xml:22:5-23:19
MERGED from [com.github.bumptech.glide:gifdecoder:4.8.0] AndroidManifest.xml:9:5-20
MERGED from [com.github.bumptech.glide:gifdecoder:4.8.0] AndroidManifest.xml:9:5-20
	android:appComponentFactory
		ADDED from [com.android.support:support-compat:28.0.0] AndroidManifest.xml:22:18-91
	android:supportsRtl
		ADDED from [com.github.only2433:LittlefoxLogMoniter:1.0.4] AndroidManifest.xml:18:9-35
	android:label
		ADDED from src\main\AndroidManifest.xml:31:9-41
	android:hardwareAccelerated
		ADDED from src\main\AndroidManifest.xml:29:9-43
	tools:ignore
		ADDED from [com.ssomai:android.scalablelayout:2.1.1] AndroidManifest.xml:11:18-44
	android:roundIcon
		ADDED from [com.github.only2433:LittlefoxLogMoniter:1.0.4] AndroidManifest.xml:17:9-54
	android:largeHeap
		ADDED from src\main\AndroidManifest.xml:32:9-33
	android:icon
		ADDED from src\main\AndroidManifest.xml:30:9-43
	android:allowBackup
		ADDED from src\main\AndroidManifest.xml:28:9-35
	android:theme
		ADDED from [com.github.only2433:LittlefoxLogMoniter:1.0.4] AndroidManifest.xml:19:9-40
	android:networkSecurityConfig
		ADDED from src\main\AndroidManifest.xml:33:9-69
	android:name
		ADDED from src\main\AndroidManifest.xml:27:9-81
meta-data#com.facebook.sdk.ApplicationId
ADDED from src\main\AndroidManifest.xml:35:9-37:55
	android:value
		ADDED from src\main\AndroidManifest.xml:37:13-52
	android:name
		ADDED from src\main\AndroidManifest.xml:36:13-58
meta-data#android.max_aspect
ADDED from src\main\AndroidManifest.xml:38:9-40:35
	android:value
		ADDED from src\main\AndroidManifest.xml:40:13-32
	android:name
		ADDED from src\main\AndroidManifest.xml:39:13-46
activity#com.littlefox.storybook.southstreetschool.IntroActivity
ADDED from src\main\AndroidManifest.xml:42:9-63:20
	android:screenOrientation
		ADDED from src\main\AndroidManifest.xml:46:13-50
	android:label
		ADDED from src\main\AndroidManifest.xml:45:13-45
	android:configChanges
		ADDED from src\main\AndroidManifest.xml:44:13-74
	android:theme
		ADDED from src\main\AndroidManifest.xml:47:13-80
	android:name
		ADDED from src\main\AndroidManifest.xml:43:13-83
intent-filter#action:name:android.intent.action.MAIN+category:name:android.intent.category.LAUNCHER
ADDED from src\main\AndroidManifest.xml:48:13-52:29
action#android.intent.action.MAIN
ADDED from src\main\AndroidManifest.xml:49:17-69
	android:name
		ADDED from src\main\AndroidManifest.xml:49:25-66
category#android.intent.category.LAUNCHER
ADDED from src\main\AndroidManifest.xml:51:17-77
	android:name
		ADDED from src\main\AndroidManifest.xml:51:27-74
intent-filter#action:name:android.intent.action.VIEW+category:name:android.intent.category.BROWSABLE+category:name:android.intent.category.DEFAULT+data:host:southstreetschool+data:scheme:coupon
ADDED from src\main\AndroidManifest.xml:53:13-62:29
action#android.intent.action.VIEW
ADDED from src\main\AndroidManifest.xml:54:17-69
	android:name
		ADDED from src\main\AndroidManifest.xml:54:25-66
category#android.intent.category.DEFAULT
ADDED from src\main\AndroidManifest.xml:56:17-76
	android:name
		ADDED from src\main\AndroidManifest.xml:56:27-73
category#android.intent.category.BROWSABLE
ADDED from src\main\AndroidManifest.xml:57:17-78
	android:name
		ADDED from src\main\AndroidManifest.xml:57:27-75
data
ADDED from src\main\AndroidManifest.xml:59:17-61:47
	android:host
		ADDED from src\main\AndroidManifest.xml:60:21-53
	android:scheme
		ADDED from src\main\AndroidManifest.xml:61:21-44
activity#com.littlefox.storybook.southstreetschool.Mp4PlayerActivity
ADDED from src\main\AndroidManifest.xml:66:9-71:92
	android:screenOrientation
		ADDED from src\main\AndroidManifest.xml:70:13-50
	android:label
		ADDED from src\main\AndroidManifest.xml:69:13-45
	android:configChanges
		ADDED from src\main\AndroidManifest.xml:68:13-74
	android:theme
		ADDED from src\main\AndroidManifest.xml:71:13-80
	android:name
		ADDED from src\main\AndroidManifest.xml:67:13-87
activity#com.littlefox.storybook.southstreetschool.MainListActivity
ADDED from src\main\AndroidManifest.xml:73:9-78:92
	android:screenOrientation
		ADDED from src\main\AndroidManifest.xml:77:13-50
	android:label
		ADDED from src\main\AndroidManifest.xml:76:13-45
	android:configChanges
		ADDED from src\main\AndroidManifest.xml:75:13-74
	android:theme
		ADDED from src\main\AndroidManifest.xml:78:13-80
	android:name
		ADDED from src\main\AndroidManifest.xml:74:13-86
service#com.littlefox.storybook.fcm.LittlefoxFirebaseMessagingService
ADDED from src\main\AndroidManifest.xml:80:9-87:19
	android:enabled
		ADDED from src\main\AndroidManifest.xml:82:13-35
	android:exported
		ADDED from src\main\AndroidManifest.xml:83:13-36
	android:name
		ADDED from src\main\AndroidManifest.xml:81:13-89
intent-filter#action:name:com.google.firebase.MESSAGING_EVENT
ADDED from src\main\AndroidManifest.xml:84:13-86:29
action#com.google.firebase.MESSAGING_EVENT
ADDED from src\main\AndroidManifest.xml:85:17-78
	android:name
		ADDED from src\main\AndroidManifest.xml:85:25-75
uses-sdk
INJECTED from src\main\AndroidManifest.xml reason: use-sdk injection requested
INJECTED from src\main\AndroidManifest.xml
INJECTED from src\main\AndroidManifest.xml
MERGED from [com.jakewharton:butterknife:8.8.1] AndroidManifest.xml:5:5-43
MERGED from [com.jakewharton:butterknife:8.8.1] AndroidManifest.xml:5:5-43
MERGED from [com.android.support:design:28.0.0] AndroidManifest.xml:20:5-44
MERGED from [com.android.support:design:28.0.0] AndroidManifest.xml:20:5-44
MERGED from [com.android.support:appcompat-v7:28.0.0] AndroidManifest.xml:20:5-44
MERGED from [com.android.support:appcompat-v7:28.0.0] AndroidManifest.xml:20:5-44
MERGED from [com.facebook.android:facebook-android-sdk:4.4.0] AndroidManifest.xml:24:5-26:41
MERGED from [com.facebook.android:facebook-android-sdk:4.4.0] AndroidManifest.xml:24:5-26:41
MERGED from [com.google.firebase:firebase-messaging:17.3.4] AndroidManifest.xml:20:5-44
MERGED from [com.google.firebase:firebase-messaging:17.3.4] AndroidManifest.xml:20:5-44
MERGED from [com.google.firebase:firebase-core:16.0.8] AndroidManifest.xml:5:5-44
MERGED from [com.google.firebase:firebase-core:16.0.8] AndroidManifest.xml:5:5-44
MERGED from [com.google.firebase:firebase-analytics:16.4.0] AndroidManifest.xml:5:5-44
MERGED from [com.google.firebase:firebase-analytics:16.4.0] AndroidManifest.xml:5:5-44
MERGED from [com.google.android.gms:play-services-measurement-api:16.4.0] AndroidManifest.xml:20:5-44
MERGED from [com.google.android.gms:play-services-measurement-api:16.4.0] AndroidManifest.xml:20:5-44
MERGED from [com.google.firebase:firebase-iid:17.0.4] AndroidManifest.xml:20:5-44
MERGED from [com.google.firebase:firebase-iid:17.0.4] AndroidManifest.xml:20:5-44
MERGED from [com.google.firebase:firebase-iid-interop:16.0.1] AndroidManifest.xml:5:5-44
MERGED from [com.google.firebase:firebase-iid-interop:16.0.1] AndroidManifest.xml:5:5-44
MERGED from [com.google.android.gms:play-services-base:16.1.0] AndroidManifest.xml:20:5-44
MERGED from [com.google.android.gms:play-services-base:16.1.0] AndroidManifest.xml:20:5-44
MERGED from [com.google.firebase:firebase-common:16.0.3] AndroidManifest.xml:5:5-7:41
MERGED from [com.google.firebase:firebase-common:16.0.3] AndroidManifest.xml:5:5-7:41
MERGED from [com.google.android.gms:play-services-tasks:16.0.1] AndroidManifest.xml:5:5-44
MERGED from [com.google.android.gms:play-services-tasks:16.0.1] AndroidManifest.xml:5:5-44
MERGED from [com.google.firebase:firebase-measurement-connector:17.0.1] AndroidManifest.xml:20:5-44
MERGED from [com.google.firebase:firebase-measurement-connector:17.0.1] AndroidManifest.xml:20:5-44
MERGED from [com.google.android.gms:play-services-measurement:16.4.0] AndroidManifest.xml:20:5-44
MERGED from [com.google.android.gms:play-services-measurement:16.4.0] AndroidManifest.xml:20:5-44
MERGED from [com.google.android.gms:play-services-measurement-sdk:16.4.0] AndroidManifest.xml:20:5-44
MERGED from [com.google.android.gms:play-services-measurement-sdk:16.4.0] AndroidManifest.xml:20:5-44
MERGED from [com.google.android.gms:play-services-measurement-impl:16.4.0] AndroidManifest.xml:20:5-44
MERGED from [com.google.android.gms:play-services-measurement-impl:16.4.0] AndroidManifest.xml:20:5-44
MERGED from [com.google.android.gms:play-services-stats:16.0.1] AndroidManifest.xml:5:5-44
MERGED from [com.google.android.gms:play-services-stats:16.0.1] AndroidManifest.xml:5:5-44
MERGED from [com.google.android.gms:play-services-measurement-sdk-api:16.4.0] AndroidManifest.xml:20:5-44
MERGED from [com.google.android.gms:play-services-measurement-sdk-api:16.4.0] AndroidManifest.xml:20:5-44
MERGED from [com.google.android.gms:play-services-measurement-base:16.4.0] AndroidManifest.xml:5:5-44
MERGED from [com.google.android.gms:play-services-measurement-base:16.4.0] AndroidManifest.xml:5:5-44
MERGED from [com.google.android.gms:play-services-ads-identifier:16.0.0] AndroidManifest.xml:20:5-44
MERGED from [com.google.android.gms:play-services-ads-identifier:16.0.0] AndroidManifest.xml:20:5-44
MERGED from [com.google.android.gms:play-services-basement:16.2.0] AndroidManifest.xml:20:5-44
MERGED from [com.google.android.gms:play-services-basement:16.2.0] AndroidManifest.xml:20:5-44
MERGED from [com.android.support:support-v4:28.0.0] AndroidManifest.xml:20:5-44
MERGED from [com.android.support:support-v4:28.0.0] AndroidManifest.xml:20:5-44
MERGED from [com.android.support:recyclerview-v7:28.0.0] AndroidManifest.xml:20:5-44
MERGED from [com.android.support:recyclerview-v7:28.0.0] AndroidManifest.xml:20:5-44
MERGED from [com.github.only2433:LittlefoxLogMoniter:1.0.4] AndroidManifest.xml:7:5-9:41
MERGED from [com.github.only2433:LittlefoxLogMoniter:1.0.4] AndroidManifest.xml:7:5-9:41
MERGED from [com.github.only2433:LittlefoxSystemLibrary:1.0.9] AndroidManifest.xml:7:5-9:41
MERGED from [com.github.only2433:LittlefoxSystemLibrary:1.0.9] AndroidManifest.xml:7:5-9:41
MERGED from [com.github.only2433:LittlefoxViewLibrary:1.0.14] AndroidManifest.xml:7:5-9:41
MERGED from [com.github.only2433:LittlefoxViewLibrary:1.0.14] AndroidManifest.xml:7:5-9:41
MERGED from [com.github.only2433:StorybookTempleteLibrary:1.0.17] AndroidManifest.xml:7:5-9:41
MERGED from [com.github.only2433:StorybookTempleteLibrary:1.0.17] AndroidManifest.xml:7:5-9:41
MERGED from [com.ssomai:android.scalablelayout:2.1.1] AndroidManifest.xml:7:5-9:41
MERGED from [com.ssomai:android.scalablelayout:2.1.1] AndroidManifest.xml:7:5-9:41
MERGED from [com.github.bumptech.glide:glide:4.8.0] AndroidManifest.xml:6:5-8:41
MERGED from [com.github.bumptech.glide:glide:4.8.0] AndroidManifest.xml:6:5-8:41
MERGED from [com.android.support:support-fragment:28.0.0] AndroidManifest.xml:20:5-44
MERGED from [com.android.support:support-fragment:28.0.0] AndroidManifest.xml:20:5-44
MERGED from [com.android.support:animated-vector-drawable:28.0.0] AndroidManifest.xml:20:5-44
MERGED from [com.android.support:animated-vector-drawable:28.0.0] AndroidManifest.xml:20:5-44
MERGED from [com.android.support:support-core-ui:28.0.0] AndroidManifest.xml:20:5-44
MERGED from [com.android.support:support-core-ui:28.0.0] AndroidManifest.xml:20:5-44
MERGED from [com.android.support:support-core-utils:28.0.0] AndroidManifest.xml:20:5-44
MERGED from [com.android.support:support-core-utils:28.0.0] AndroidManifest.xml:20:5-44
MERGED from [com.android.support:support-vector-drawable:28.0.0] AndroidManifest.xml:20:5-44
MERGED from [com.android.support:support-vector-drawable:28.0.0] AndroidManifest.xml:20:5-44
MERGED from [com.android.support:support-media-compat:28.0.0] AndroidManifest.xml:20:5-44
MERGED from [com.android.support:support-media-compat:28.0.0] AndroidManifest.xml:20:5-44
MERGED from [com.android.support:transition:28.0.0] AndroidManifest.xml:20:5-44
MERGED from [com.android.support:transition:28.0.0] AndroidManifest.xml:20:5-44
MERGED from [com.android.support:loader:28.0.0] AndroidManifest.xml:20:5-44
MERGED from [com.android.support:loader:28.0.0] AndroidManifest.xml:20:5-44
MERGED from [com.android.support:viewpager:28.0.0] AndroidManifest.xml:20:5-44
MERGED from [com.android.support:viewpager:28.0.0] AndroidManifest.xml:20:5-44
MERGED from [com.android.support:coordinatorlayout:28.0.0] AndroidManifest.xml:20:5-44
MERGED from [com.android.support:coordinatorlayout:28.0.0] AndroidManifest.xml:20:5-44
MERGED from [com.android.support:drawerlayout:28.0.0] AndroidManifest.xml:20:5-44
MERGED from [com.android.support:drawerlayout:28.0.0] AndroidManifest.xml:20:5-44
MERGED from [com.android.support:slidingpanelayout:28.0.0] AndroidManifest.xml:20:5-44
MERGED from [com.android.support:slidingpanelayout:28.0.0] AndroidManifest.xml:20:5-44
MERGED from [com.android.support:customview:28.0.0] AndroidManifest.xml:20:5-44
MERGED from [com.android.support:customview:28.0.0] AndroidManifest.xml:20:5-44
MERGED from [com.android.support:swiperefreshlayout:28.0.0] AndroidManifest.xml:20:5-44
MERGED from [com.android.support:swiperefreshlayout:28.0.0] AndroidManifest.xml:20:5-44